Using pre-set license
Built from '2020.2/staging' branch; Version is '2020.2.3f1 (8ff31bc5bf5b) revision 9433883'; Using compiler version '192528614'; Build Type 'Release'
OS: 'Windows 10 Home Single Language; OS build 19043.1348; Version 2009; 64bit' Language: 'ru' Physical Memory: 16244 MB
BatchMode: 1, IsHumanControllingUs: 0, StartBugReporterOnCrash: 0, Is64bit: 1, IsPro: 0

 COMMAND LINE ARGUMENTS:
E:\GameDevTech\unityeditorfolder\Unity\Editor\Unity.exe
-adb2
-batchMode
-noUpm
-name
AssetImportWorker0
-projectPath
E:/Game/Cherecter PAK
-logFile
Logs/AssetImportWorker0.log
-srvPort
60087
Successfully changed project path to: E:/Game/Cherecter PAK
E:/Game/Cherecter PAK
Using Asset Import Pipeline V2.
Refreshing native plugins compatible for Editor in 47.46 ms, found 0 plugins.
Preloading 0 native plugins for Editor in 0.00 ms.
Initialize engine version: 2020.2.3f1 (8ff31bc5bf5b)
[Subsystems] Discovering subsystems at path E:/GameDevTech/unityeditorfolder/Unity/Editor/Data/Resources/UnitySubsystems
[Subsystems] Discovering subsystems at path E:/Game/Cherecter PAK/Assets
GfxDevice: creating device client; threaded=0
Direct3D:
    Version:  Direct3D 11.0 [level 11.1]
    Renderer: NVIDIA GeForce GTX 1060 (ID=0x1c20)
    Vendor:   
    VRAM:     6052 MB
    Driver:   30.0.14.9709
Initialize mono
Mono path[0] = 'E:/GameDevTech/unityeditorfolder/Unity/Editor/Data/Managed'
Mono path[1] = 'E:/GameDevTech/unityeditorfolder/Unity/Editor/Data/MonoBleedingEdge/lib/mono/unityjit'
Mono config path = 'E:/GameDevTech/unityeditorfolder/Unity/Editor/Data/MonoBleedingEdge/etc'
Using monoOptions --debugger-agent=transport=dt_socket,embedding=1,server=y,suspend=n,address=127.0.0.1:56648
Begin MonoManager ReloadAssembly
Registering precompiled unity dll's ...
Register platform support module: E:/GameDevTech/unityeditorfolder/Unity/Editor/Data/PlaybackEngines/WebGLSupport/UnityEditor.WebGL.Extensions.dll
Register platform support module: E:/GameDevTech/unityeditorfolder/Unity/Editor/Data/PlaybackEngines/WindowsStandaloneSupport/UnityEditor.WindowsStandalone.Extensions.dll
Registered in 0.001562 seconds.
Native extension for WindowsStandalone target not found
Native extension for WebGL target not found
Refreshing native plugins compatible for Editor in 38.48 ms, found 0 plugins.
Preloading 0 native plugins for Editor in 0.00 ms.
Invoked RoslynAnalysisRunner static constructor.
RoslynAnalysisRunner will not be running.
RoslynAnalysisRunner has terminated.
Mono: successfully reloaded assembly
- Completed reload, in  1.517 seconds
Platform modules already initialized, skipping
Registering precompiled user dll's ...
Registered in 0.001134 seconds.
Begin MonoManager ReloadAssembly
Native extension for WindowsStandalone target not found
Native extension for WebGL target not found
Refreshing native plugins compatible for Editor in 39.34 ms, found 0 plugins.
Preloading 0 native plugins for Editor in 0.00 ms.
Invoked RoslynAnalysisRunner static constructor.
RoslynAnalysisRunner will not be running.
RoslynAnalysisRunner has terminated.
Mono: successfully reloaded assembly
- Completed reload, in  1.477 seconds
Platform modules already initialized, skipping
========================================================================
Worker process is ready to serve import requests
Launched and connected shader compiler UnityShaderCompiler.exe after 0.09 seconds
Refreshing native plugins compatible for Editor in 0.31 ms, found 0 plugins.
Preloading 0 native plugins for Editor in 0.00 ms.
Unloading 1567 Unused Serialized files (Serialized files now loaded: 0)
System memory in use before: 75.2 MB.
System memory in use after: 75.2 MB.

Unloading 13 unused Assets to reduce memory usage. Loaded Objects now: 2013.
Total: 1.980700 ms (FindLiveObjects: 0.167000 ms CreateObjectMapping: 0.058700 ms MarkObjects: 1.670200 ms  DeleteObjects: 0.083600 ms)

========================================================================
Received Import Request.
  path: Assets/Scene/MainScene.unity
  artifactKey: Guid(a5eae3f68a8c9d54cb5914980339b7ae) Importer(815301076,1909f56bfc062723c751e8b465ee728b)
Start importing Assets/Scene/MainScene.unity using Guid(a5eae3f68a8c9d54cb5914980339b7ae) Importer(815301076,1909f56bfc062723c751e8b465ee728b)  -> (artifact id: '555910256503ea1e40be15e27c04e17a') in 0.018731 seconds
  Import took 0.022184 seconds .

========================================================================
Received Import Request.
  Time since last request: 12.031328 seconds.
  path: Assets/Scene/1 lvl.unity
  artifactKey: Guid(3f2ca9ea3400f3748925bb383086226e) Importer(815301076,1909f56bfc062723c751e8b465ee728b)
Start importing Assets/Scene/1 lvl.unity using Guid(3f2ca9ea3400f3748925bb383086226e) Importer(815301076,1909f56bfc062723c751e8b465ee728b)  -> (artifact id: '89570a31ccfc7947e7da4434b34bdb3b') in 0.010526 seconds
  Import took 0.014235 seconds .

========================================================================
Received Import Request.
  Time since last request: 145.443678 seconds.
  path: ProjectSettings/TagManager.asset
  artifactKey: Guid(00000000000000003000000000000000) Importer(815301076,1909f56bfc062723c751e8b465ee728b)
Start importing ProjectSettings/TagManager.asset using Guid(00000000000000003000000000000000) Importer(815301076,1909f56bfc062723c751e8b465ee728b)  -> (artifact id: 'd5c729120baca2b12dbf51370c494f7c') in 0.090782 seconds
  Import took 0.094743 seconds .

========================================================================
Received Prepare
Registering precompiled user dll's ...
Registered in 0.000730 seconds.
Begin MonoManager ReloadAssembly
Native extension for WindowsStandalone target not found
Native extension for WebGL target not found
Refreshing native plugins compatible for Editor in 0.50 ms, found 0 plugins.
Preloading 0 native plugins for Editor in 0.00 ms.
Invoked RoslynAnalysisRunner static constructor.
RoslynAnalysisRunner will not be running.
RoslynAnalysisRunner has terminated.
Mono: successfully reloaded assembly
- Completed reload, in  1.115 seconds
Platform modules already initialized, skipping
Refreshing native plugins compatible for Editor in 0.49 ms, found 0 plugins.
Preloading 0 native plugins for Editor in 0.00 ms.
Unloading 1560 Unused Serialized files (Serialized files now loaded: 0)
System memory in use before: 75.2 MB.
System memory in use after: 75.3 MB.

Unloading 7 unused Assets to reduce memory usage. Loaded Objects now: 2015.
Total: 4.393300 ms (FindLiveObjects: 0.190500 ms CreateObjectMapping: 0.070700 ms MarkObjects: 4.068000 ms  DeleteObjects: 0.062800 ms)

========================================================================
Received Import Request.
  Time since last request: 279.412576 seconds.
  path: Assets/Scripts/Hero
  artifactKey: Guid(f357c29eea53ea94e95c4c152e99896e) Importer(815301076,1909f56bfc062723c751e8b465ee728b)
Start importing Assets/Scripts/Hero using Guid(f357c29eea53ea94e95c4c152e99896e) Importer(815301076,1909f56bfc062723c751e8b465ee728b)  -> (artifact id: '245939cd239f95b49e757aedaedb0de7') in 0.011376 seconds
  Import took 0.015862 seconds .

========================================================================
Received Import Request.
  Time since last request: 7.853518 seconds.
  path: Assets/Scripts/Hero/statsHero.cs
  artifactKey: Guid(d94ff8e1a44484648b3bcbc38248ebaf) Importer(815301076,1909f56bfc062723c751e8b465ee728b)
Start importing Assets/Scripts/Hero/statsHero.cs using Guid(d94ff8e1a44484648b3bcbc38248ebaf) Importer(815301076,1909f56bfc062723c751e8b465ee728b)  -> (artifact id: '55815ccaa96b04796a8ff2e13f5a5713') in 0.022114 seconds
  Import took 0.025254 seconds .

========================================================================
Received Prepare
Registering precompiled user dll's ...
Registered in 0.001127 seconds.
Begin MonoManager ReloadAssembly
Native extension for WindowsStandalone target not found
Native extension for WebGL target not found
Refreshing native plugins compatible for Editor in 0.32 ms, found 0 plugins.
Preloading 0 native plugins for Editor in 0.00 ms.
Invoked RoslynAnalysisRunner static constructor.
RoslynAnalysisRunner will not be running.
RoslynAnalysisRunner has terminated.
Mono: successfully reloaded assembly
- Completed reload, in  1.033 seconds
Platform modules already initialized, skipping
Refreshing native plugins compatible for Editor in 0.31 ms, found 0 plugins.
Preloading 0 native plugins for Editor in 0.00 ms.
Unloading 1561 Unused Serialized files (Serialized files now loaded: 0)
System memory in use before: 75.3 MB.
System memory in use after: 75.4 MB.

Unloading 6 unused Assets to reduce memory usage. Loaded Objects now: 2018.
Total: 2.342100 ms (FindLiveObjects: 0.185800 ms CreateObjectMapping: 0.061200 ms MarkObjects: 2.002800 ms  DeleteObjects: 0.091100 ms)

========================================================================
Received Import Request.
  Time since last request: 101.858380 seconds.
  path: Assets/Scripts/Enemy
  artifactKey: Guid(63543f458006725498c5495d8a1ce979) Importer(815301076,1909f56bfc062723c751e8b465ee728b)
Start importing Assets/Scripts/Enemy using Guid(63543f458006725498c5495d8a1ce979) Importer(815301076,1909f56bfc062723c751e8b465ee728b)  -> (artifact id: '2686e7bc5c4ccc10103743f2d56b29db') in 0.011888 seconds
  Import took 0.015902 seconds .

========================================================================
Received Import Request.
  Time since last request: 12.526918 seconds.
  path: Assets/Scripts/Enemy/enemyStatus.cs
  artifactKey: Guid(b00221a05a76d0241bb8339f28cb9533) Importer(815301076,1909f56bfc062723c751e8b465ee728b)
Start importing Assets/Scripts/Enemy/enemyStatus.cs using Guid(b00221a05a76d0241bb8339f28cb9533) Importer(815301076,1909f56bfc062723c751e8b465ee728b)  -> (artifact id: 'fa4af51108cd594c82f51fcf6826e97e') in 0.014061 seconds
  Import took 0.018103 seconds .

========================================================================
Received Prepare
Registering precompiled user dll's ...
Registered in 0.000888 seconds.
Begin MonoManager ReloadAssembly
Native extension for WindowsStandalone target not found
Native extension for WebGL target not found
Refreshing native plugins compatible for Editor in 0.28 ms, found 0 plugins.
Preloading 0 native plugins for Editor in 0.00 ms.
Invoked RoslynAnalysisRunner static constructor.
RoslynAnalysisRunner will not be running.
RoslynAnalysisRunner has terminated.
Mono: successfully reloaded assembly
- Completed reload, in  1.099 seconds
Platform modules already initialized, skipping
Refreshing native plugins compatible for Editor in 0.32 ms, found 0 plugins.
Preloading 0 native plugins for Editor in 0.00 ms.
Unloading 1562 Unused Serialized files (Serialized files now loaded: 0)
System memory in use before: 75.3 MB.
System memory in use after: 75.4 MB.

Unloading 6 unused Assets to reduce memory usage. Loaded Objects now: 2021.
Total: 2.242100 ms (FindLiveObjects: 0.279000 ms CreateObjectMapping: 0.050000 ms MarkObjects: 1.829200 ms  DeleteObjects: 0.082800 ms)

========================================================================
Received Import Request.
  Time since last request: 25.941544 seconds.
  path: Assets/Scripts/Enemy/enemyStatus.cs
  artifactKey: Guid(b00221a05a76d0241bb8339f28cb9533) Importer(815301076,1909f56bfc062723c751e8b465ee728b)
Start importing Assets/Scripts/Enemy/enemyStatus.cs using Guid(b00221a05a76d0241bb8339f28cb9533) Importer(815301076,1909f56bfc062723c751e8b465ee728b)  -> (artifact id: 'fea12f35c9f934aa79f62cfd122ff783') in 0.010753 seconds
  Import took 0.014616 seconds .

========================================================================
Received Prepare
Registering precompiled user dll's ...
Registered in 0.000719 seconds.
Begin MonoManager ReloadAssembly
Native extension for WindowsStandalone target not found
Native extension for WebGL target not found
Refreshing native plugins compatible for Editor in 0.31 ms, found 0 plugins.
Preloading 0 native plugins for Editor in 0.00 ms.
Invoked RoslynAnalysisRunner static constructor.
RoslynAnalysisRunner will not be running.
RoslynAnalysisRunner has terminated.
Mono: successfully reloaded assembly
- Completed reload, in  1.011 seconds
Platform modules already initialized, skipping
Refreshing native plugins compatible for Editor in 0.34 ms, found 0 plugins.
Preloading 0 native plugins for Editor in 0.00 ms.
Unloading 1561 Unused Serialized files (Serialized files now loaded: 0)
System memory in use before: 75.3 MB.
System memory in use after: 75.4 MB.

Unloading 7 unused Assets to reduce memory usage. Loaded Objects now: 2022.
Total: 4.001500 ms (FindLiveObjects: 0.217900 ms CreateObjectMapping: 0.121200 ms MarkObjects: 3.598200 ms  DeleteObjects: 0.061900 ms)

========================================================================
Received Prepare
Registering precompiled user dll's ...
Registered in 0.000713 seconds.
Begin MonoManager ReloadAssembly
Native extension for WindowsStandalone target not found
Native extension for WebGL target not found
Refreshing native plugins compatible for Editor in 0.29 ms, found 0 plugins.
Preloading 0 native plugins for Editor in 0.00 ms.
Invoked RoslynAnalysisRunner static constructor.
RoslynAnalysisRunner will not be running.
RoslynAnalysisRunner has terminated.
Mono: successfully reloaded assembly
- Completed reload, in  1.087 seconds
Platform modules already initialized, skipping
Refreshing native plugins compatible for Editor in 0.32 ms, found 0 plugins.
Preloading 0 native plugins for Editor in 0.00 ms.
Unloading 1560 Unused Serialized files (Serialized files now loaded: 0)
System memory in use before: 75.3 MB.
System memory in use after: 75.4 MB.

Unloading 7 unused Assets to reduce memory usage. Loaded Objects now: 2023.
Total: 2.383300 ms (FindLiveObjects: 0.173800 ms CreateObjectMapping: 0.062200 ms MarkObjects: 1.993000 ms  DeleteObjects: 0.153100 ms)

