Using pre-set license
Built from '2020.2/staging' branch; Version is '2020.2.3f1 (8ff31bc5bf5b) revision 9433883'; Using compiler version '192528614'; Build Type 'Release'
OS: 'Windows 10 Home Single Language; OS build 19043.1348; Version 2009; 64bit' Language: 'ru' Physical Memory: 16244 MB
BatchMode: 1, IsHumanControllingUs: 0, StartBugReporterOnCrash: 0, Is64bit: 1, IsPro: 0

 COMMAND LINE ARGUMENTS:
E:\GameDevTech\unityeditorfolder\Unity\Editor\Unity.exe
-adb2
-batchMode
-noUpm
-name
AssetImportWorker0
-projectPath
E:/Game/Cherecter PAK
-logFile
Logs/AssetImportWorker0.log
-srvPort
54663
Successfully changed project path to: E:/Game/Cherecter PAK
E:/Game/Cherecter PAK
Using Asset Import Pipeline V2.
Refreshing native plugins compatible for Editor in 45.46 ms, found 0 plugins.
Preloading 0 native plugins for Editor in 0.00 ms.
Initialize engine version: 2020.2.3f1 (8ff31bc5bf5b)
[Subsystems] Discovering subsystems at path E:/GameDevTech/unityeditorfolder/Unity/Editor/Data/Resources/UnitySubsystems
[Subsystems] Discovering subsystems at path E:/Game/Cherecter PAK/Assets
GfxDevice: creating device client; threaded=0
Direct3D:
    Version:  Direct3D 11.0 [level 11.1]
    Renderer: NVIDIA GeForce GTX 1060 (ID=0x1c20)
    Vendor:   
    VRAM:     6052 MB
    Driver:   30.0.14.9709
Initialize mono
Mono path[0] = 'E:/GameDevTech/unityeditorfolder/Unity/Editor/Data/Managed'
Mono path[1] = 'E:/GameDevTech/unityeditorfolder/Unity/Editor/Data/MonoBleedingEdge/lib/mono/unityjit'
Mono config path = 'E:/GameDevTech/unityeditorfolder/Unity/Editor/Data/MonoBleedingEdge/etc'
Using monoOptions --debugger-agent=transport=dt_socket,embedding=1,server=y,suspend=n,address=127.0.0.1:56092
Begin MonoManager ReloadAssembly
Registering precompiled unity dll's ...
Register platform support module: E:/GameDevTech/unityeditorfolder/Unity/Editor/Data/PlaybackEngines/WebGLSupport/UnityEditor.WebGL.Extensions.dll
Register platform support module: E:/GameDevTech/unityeditorfolder/Unity/Editor/Data/PlaybackEngines/WindowsStandaloneSupport/UnityEditor.WindowsStandalone.Extensions.dll
Registered in 0.001771 seconds.
Native extension for WindowsStandalone target not found
Native extension for WebGL target not found
Refreshing native plugins compatible for Editor in 43.20 ms, found 0 plugins.
Preloading 0 native plugins for Editor in 0.00 ms.
Invoked RoslynAnalysisRunner static constructor.
RoslynAnalysisRunner will not be running.
RoslynAnalysisRunner has terminated.
Mono: successfully reloaded assembly
- Completed reload, in  1.538 seconds
Platform modules already initialized, skipping
Registering precompiled user dll's ...
Registered in 0.000785 seconds.
Begin MonoManager ReloadAssembly
Native extension for WindowsStandalone target not found
Native extension for WebGL target not found
Refreshing native plugins compatible for Editor in 43.67 ms, found 0 plugins.
Preloading 0 native plugins for Editor in 0.00 ms.
Invoked RoslynAnalysisRunner static constructor.
RoslynAnalysisRunner will not be running.
RoslynAnalysisRunner has terminated.
Mono: successfully reloaded assembly
- Completed reload, in  1.348 seconds
Platform modules already initialized, skipping
========================================================================
Worker process is ready to serve import requests
Launched and connected shader compiler UnityShaderCompiler.exe after 0.07 seconds
Refreshing native plugins compatible for Editor in 0.31 ms, found 0 plugins.
Preloading 0 native plugins for Editor in 0.00 ms.
Unloading 1567 Unused Serialized files (Serialized files now loaded: 0)
System memory in use before: 75.2 MB.
System memory in use after: 75.2 MB.

Unloading 13 unused Assets to reduce memory usage. Loaded Objects now: 2013.
Total: 3.263700 ms (FindLiveObjects: 0.360100 ms CreateObjectMapping: 0.523000 ms MarkObjects: 2.278800 ms  DeleteObjects: 0.100100 ms)

========================================================================
Received Prepare
Registering precompiled user dll's ...
Registered in 0.001172 seconds.
Begin MonoManager ReloadAssembly
Native extension for WindowsStandalone target not found
Native extension for WebGL target not found
Refreshing native plugins compatible for Editor in 0.48 ms, found 0 plugins.
Preloading 0 native plugins for Editor in 0.00 ms.
Invoked RoslynAnalysisRunner static constructor.
RoslynAnalysisRunner will not be running.
RoslynAnalysisRunner has terminated.
Mono: successfully reloaded assembly
- Completed reload, in  1.071 seconds
Platform modules already initialized, skipping
Refreshing native plugins compatible for Editor in 0.37 ms, found 0 plugins.
Preloading 0 native plugins for Editor in 0.00 ms.
Unloading 1557 Unused Serialized files (Serialized files now loaded: 0)
System memory in use before: 75.1 MB.
System memory in use after: 75.2 MB.

Unloading 9 unused Assets to reduce memory usage. Loaded Objects now: 2012.
Total: 3.310600 ms (FindLiveObjects: 0.244000 ms CreateObjectMapping: 0.179600 ms MarkObjects: 2.822700 ms  DeleteObjects: 0.062900 ms)

========================================================================
Received Prepare
Registering precompiled user dll's ...
Registered in 0.000681 seconds.
Begin MonoManager ReloadAssembly
Native extension for WindowsStandalone target not found
Native extension for WebGL target not found
Refreshing native plugins compatible for Editor in 0.43 ms, found 0 plugins.
Preloading 0 native plugins for Editor in 0.00 ms.
Invoked RoslynAnalysisRunner static constructor.
RoslynAnalysisRunner will not be running.
RoslynAnalysisRunner has terminated.
Mono: successfully reloaded assembly
- Completed reload, in  1.029 seconds
Platform modules already initialized, skipping
Refreshing native plugins compatible for Editor in 0.34 ms, found 0 plugins.
Preloading 0 native plugins for Editor in 0.00 ms.
Unloading 1554 Unused Serialized files (Serialized files now loaded: 0)
System memory in use before: 75.0 MB.
System memory in use after: 75.1 MB.

Unloading 9 unused Assets to reduce memory usage. Loaded Objects now: 2011.
Total: 2.285400 ms (FindLiveObjects: 0.254400 ms CreateObjectMapping: 0.054500 ms MarkObjects: 1.890100 ms  DeleteObjects: 0.085600 ms)

========================================================================
Received Import Request.
  path: Assets/Scripts/Scene Menager/UiSettings.cs
  artifactKey: Guid(713aa07bbe2b4124f99b92d80b4c275b) Importer(815301076,1909f56bfc062723c751e8b465ee728b)
Start importing Assets/Scripts/Scene Menager/UiSettings.cs using Guid(713aa07bbe2b4124f99b92d80b4c275b) Importer(815301076,1909f56bfc062723c751e8b465ee728b)  -> (artifact id: 'e0cc72b935cc557e27975020a00851dc') in 0.054550 seconds
  Import took 0.058275 seconds .

========================================================================
Received Prepare
Registering precompiled user dll's ...
Registered in 0.000716 seconds.
Begin MonoManager ReloadAssembly
Native extension for WindowsStandalone target not found
Native extension for WebGL target not found
Refreshing native plugins compatible for Editor in 0.56 ms, found 0 plugins.
Preloading 0 native plugins for Editor in 0.00 ms.
Invoked RoslynAnalysisRunner static constructor.
RoslynAnalysisRunner will not be running.
RoslynAnalysisRunner has terminated.
Mono: successfully reloaded assembly
- Completed reload, in  1.103 seconds
Platform modules already initialized, skipping
Refreshing native plugins compatible for Editor in 0.32 ms, found 0 plugins.
Preloading 0 native plugins for Editor in 0.00 ms.
Unloading 1553 Unused Serialized files (Serialized files now loaded: 0)
System memory in use before: 75.1 MB.
System memory in use after: 75.1 MB.

Unloading 7 unused Assets to reduce memory usage. Loaded Objects now: 2012.
Total: 2.978800 ms (FindLiveObjects: 0.205900 ms CreateObjectMapping: 0.068600 ms MarkObjects: 2.638500 ms  DeleteObjects: 0.064000 ms)

========================================================================
Received Import Request.
  Time since last request: 103.193503 seconds.
  path: Assets/Scripts/Scene Menager/UiSettings.cs
  artifactKey: Guid(713aa07bbe2b4124f99b92d80b4c275b) Importer(815301076,1909f56bfc062723c751e8b465ee728b)
Start importing Assets/Scripts/Scene Menager/UiSettings.cs using Guid(713aa07bbe2b4124f99b92d80b4c275b) Importer(815301076,1909f56bfc062723c751e8b465ee728b)  -> (artifact id: 'dfb02978ae3d0af414f70376d6c166e1') in 0.010946 seconds
  Import took 0.017501 seconds .

========================================================================
Received Import Request.
  Time since last request: 70.081624 seconds.
  path: ProjectSettings/TagManager.asset
  artifactKey: Guid(00000000000000003000000000000000) Importer(815301076,1909f56bfc062723c751e8b465ee728b)
Start importing ProjectSettings/TagManager.asset using Guid(00000000000000003000000000000000) Importer(815301076,1909f56bfc062723c751e8b465ee728b)  -> (artifact id: '96009a6a393a9b5822dda15760c63c0f') in 0.034325 seconds
  Import took 0.038586 seconds .

========================================================================
Received Prepare
Registering precompiled user dll's ...
Registered in 0.001432 seconds.
Begin MonoManager ReloadAssembly
Native extension for WindowsStandalone target not found
Native extension for WebGL target not found
Refreshing native plugins compatible for Editor in 0.47 ms, found 0 plugins.
Preloading 0 native plugins for Editor in 0.00 ms.
Invoked RoslynAnalysisRunner static constructor.
RoslynAnalysisRunner will not be running.
RoslynAnalysisRunner has terminated.
Mono: successfully reloaded assembly
- Completed reload, in  1.108 seconds
Platform modules already initialized, skipping
Refreshing native plugins compatible for Editor in 0.33 ms, found 0 plugins.
Preloading 0 native plugins for Editor in 0.00 ms.
Unloading 1553 Unused Serialized files (Serialized files now loaded: 0)
System memory in use before: 75.1 MB.
System memory in use after: 75.2 MB.

Unloading 7 unused Assets to reduce memory usage. Loaded Objects now: 2014.
Total: 2.490800 ms (FindLiveObjects: 0.300800 ms CreateObjectMapping: 0.051000 ms MarkObjects: 2.054700 ms  DeleteObjects: 0.083300 ms)

========================================================================
Received Import Request.
  Time since last request: 151.967913 seconds.
  path: Assets/Scripts/Money/IvanScripts
  artifactKey: Guid(6dcb91b596281e64bb3033e5dec0fe17) Importer(815301076,1909f56bfc062723c751e8b465ee728b)
Start importing Assets/Scripts/Money/IvanScripts using Guid(6dcb91b596281e64bb3033e5dec0fe17) Importer(815301076,1909f56bfc062723c751e8b465ee728b)  -> (artifact id: '991fb983fad469f60163822894f4832a') in 0.016740 seconds
  Import took 0.021963 seconds .

========================================================================
Received Import Request.
  Time since last request: 35.074436 seconds.
  path: Assets/Scripts/Money/IvanScripts/rotation.cs
  artifactKey: Guid(865b69f9070b0024db474d91d5a049b0) Importer(815301076,1909f56bfc062723c751e8b465ee728b)
Start importing Assets/Scripts/Money/IvanScripts/rotation.cs using Guid(865b69f9070b0024db474d91d5a049b0) Importer(815301076,1909f56bfc062723c751e8b465ee728b)  -> (artifact id: '14675a7a9cdee4826c914c4c63bb0e5e') in 0.015384 seconds
  Import took 0.019550 seconds .

========================================================================
Received Import Request.
  Time since last request: 0.959860 seconds.
  path: Assets/Scripts/Money/IvanScripts/scoring.cs
  artifactKey: Guid(902f71cfbcec7e64fa8066b465e9ab49) Importer(815301076,1909f56bfc062723c751e8b465ee728b)
Start importing Assets/Scripts/Money/IvanScripts/scoring.cs using Guid(902f71cfbcec7e64fa8066b465e9ab49) Importer(815301076,1909f56bfc062723c751e8b465ee728b)  -> (artifact id: 'fcdcefe672f8331c87b67b27dc6e90cb') in 0.011130 seconds
  Import took 0.014736 seconds .

========================================================================
Received Prepare
Registering precompiled user dll's ...
Registered in 0.000738 seconds.
Begin MonoManager ReloadAssembly
Native extension for WindowsStandalone target not found
Native extension for WebGL target not found
Refreshing native plugins compatible for Editor in 0.37 ms, found 0 plugins.
Preloading 0 native plugins for Editor in 0.00 ms.
Invoked RoslynAnalysisRunner static constructor.
RoslynAnalysisRunner will not be running.
RoslynAnalysisRunner has terminated.
Mono: successfully reloaded assembly
- Completed reload, in  1.021 seconds
Platform modules already initialized, skipping
Refreshing native plugins compatible for Editor in 0.34 ms, found 0 plugins.
Preloading 0 native plugins for Editor in 0.00 ms.
Unloading 1553 Unused Serialized files (Serialized files now loaded: 0)
System memory in use before: 75.1 MB.
System memory in use after: 75.2 MB.

Unloading 6 unused Assets to reduce memory usage. Loaded Objects now: 2016.
Total: 3.381000 ms (FindLiveObjects: 0.237400 ms CreateObjectMapping: 0.130000 ms MarkObjects: 2.887200 ms  DeleteObjects: 0.124600 ms)

========================================================================
Received Import Request.
  Time since last request: 139.508547 seconds.
  path: Assets/Models
  artifactKey: Guid(b187c86ae8a20ed4d9a7c4e576b4202e) Importer(815301076,1909f56bfc062723c751e8b465ee728b)
Start importing Assets/Models using Guid(b187c86ae8a20ed4d9a7c4e576b4202e) Importer(815301076,1909f56bfc062723c751e8b465ee728b)  -> (artifact id: 'e9d5a7debb4ed9a29c1e8b430891c8d7') in 0.014063 seconds
  Import took 0.019355 seconds .

========================================================================
Received Import Request.
  Time since last request: 6.576444 seconds.
  path: Assets/Models/Cherecters
  artifactKey: Guid(42efe951fe0318f4eb805a8cd9d7bcc3) Importer(815301076,1909f56bfc062723c751e8b465ee728b)
Start importing Assets/Models/Cherecters using Guid(42efe951fe0318f4eb805a8cd9d7bcc3) Importer(815301076,1909f56bfc062723c751e8b465ee728b)  -> (artifact id: '8c7adc8d1f2437d5efea28d730a9a868') in 0.015443 seconds
  Import took 0.019040 seconds .

========================================================================
Received Import Request.
  Time since last request: 8.052624 seconds.
  path: Assets/Models/Charecters
  artifactKey: Guid(42efe951fe0318f4eb805a8cd9d7bcc3) Importer(815301076,1909f56bfc062723c751e8b465ee728b)
Start importing Assets/Models/Charecters using Guid(42efe951fe0318f4eb805a8cd9d7bcc3) Importer(815301076,1909f56bfc062723c751e8b465ee728b)  -> (artifact id: 'c13fd6dc4698e8352d1308c5e60158b2') in 0.011466 seconds
  Import took 0.014997 seconds .

AssetImportWorkerClient::OnTransportError - code=2 error=End of file
